Build started 17/03/2015 14:50:14.
     1>Project "C:\OculusSDK\ovr_sdk_win_0.4.4\OculusSDK\LibOVR\Projects\Win32\VS2013\LibOVR.vcxproj" on node 2 (Build target(s)).
     1>ClCompile:
         C:\Program Files (x86)\Microsoft Visual Studio 12.0\VC\bin\CL.exe /c /I../../../../3rdParty/glext/ /Z7 /nologo /W4 /WX- /MP /Od /Oy- /D OVR_BUILD_DEBUG /D WIN32 /D _DEBUG /D _LIB /D _UNICODE /D UNICODE /Gm- /EHsc /RTC1 /MTd /GS /fp:precise /Zc:wchar_t /Zc:forScope /Fo"../../../Obj/Win32/VS2013/Debug/" /Fd"../../../Obj/Win32/VS2013/Debug/vc120.pdb" /Gd /TP /analyze- /Zl /errorReport:prompt ..\..\..\Src\CAPI\GL\CAPI_GL_DistortionRenderer.cpp ..\..\..\Src\CAPI\GL\CAPI_GL_HSWDisplay.cpp
         CAPI_GL_DistortionRenderer.cpp
         CAPI_GL_HSWDisplay.cpp
       Lib:
         C:\Program Files (x86)\Microsoft Visual Studio 12.0\VC\bin\Lib.exe /OUT:"../../../Lib/Win32/VS2013/libovrd.lib" Setupapi.lib /NOLOGO ../../../Obj/Win32/VS2013/Debug/CAPI_DistortionRenderer.obj
         ../../../Obj/Win32/VS2013/Debug/CAPI_FrameTimeManager.obj
         ../../../Obj/Win32/VS2013/Debug/CAPI_HMDRenderState.obj
         ../../../Obj/Win32/VS2013/Debug/CAPI_HMDState.obj
         ../../../Obj/Win32/VS2013/Debug/CAPI_HSWDisplay.obj
         ../../../Obj/Win32/VS2013/Debug/CAPI_LatencyStatistics.obj
         ../../../Obj/Win32/VS2013/Debug/CAPI_D3D10_DistortionRenderer.obj
         ../../../Obj/Win32/VS2013/Debug/CAPI_D3D10_HSWDisplay.obj
         ../../../Obj/Win32/VS2013/Debug/CAPI_D3D11_DistortionRenderer.obj
         ../../../Obj/Win32/VS2013/Debug/CAPI_D3D11_HSWDisplay.obj
         ../../../Obj/Win32/VS2013/Debug/CAPI_D3D9_DistortionRenderer.obj
         ../../../Obj/Win32/VS2013/Debug/CAPI_D3D9_HSWDisplay.obj
         ../../../Obj/Win32/VS2013/Debug/CAPI_D3D9_Util.obj
         ../../../Obj/Win32/VS2013/Debug/CAPI_GLE.obj
         ../../../Obj/Win32/VS2013/Debug/CAPI_GL_DistortionRenderer.obj
         ../../../Obj/Win32/VS2013/Debug/CAPI_GL_HSWDisplay.obj
         ../../../Obj/Win32/VS2013/Debug/CAPI_GL_Util.obj
         ../../../Obj/Win32/VS2013/Debug/OVR_Win32_Display.obj
         ../../../Obj/Win32/VS2013/Debug/OVR_Win32_FocusReader.obj
         ../../../Obj/Win32/VS2013/Debug/OVR_Win32_RenderShim.obj
         ../../../Obj/Win32/VS2013/Debug/OVR_Win32_ShimFunctions.obj
         ../../../Obj/Win32/VS2013/Debug/OVR_Alg.obj
         ../../../Obj/Win32/VS2013/Debug/OVR_Allocator.obj
         ../../../Obj/Win32/VS2013/Debug/OVR_Atomic.obj
         ../../../Obj/Win32/VS2013/Debug/OVR_CRC32.obj
         ../../../Obj/Win32/VS2013/Debug/OVR_DebugHelp.obj
         ../../../Obj/Win32/VS2013/Debug/OVR_File.obj
         ../../../Obj/Win32/VS2013/Debug/OVR_FileFILE.obj
         ../../../Obj/Win32/VS2013/Debug/OVR_Lockless.obj
         ../../../Obj/Win32/VS2013/Debug/OVR_Log.obj
         ../../../Obj/Win32/VS2013/Debug/OVR_Math.obj
         ../../../Obj/Win32/VS2013/Debug/OVR_RefCount.obj
         ../../../Obj/Win32/VS2013/Debug/OVR_SharedMemory.obj
         ../../../Obj/Win32/VS2013/Debug/OVR_Std.obj
         ../../../Obj/Win32/VS2013/Debug/OVR_String.obj
         ../../../Obj/Win32/VS2013/Debug/OVR_String_FormatUtil.obj
         ../../../Obj/Win32/VS2013/Debug/OVR_String_PathUtil.obj
         ../../../Obj/Win32/VS2013/Debug/OVR_SysFile.obj
         ../../../Obj/Win32/VS2013/Debug/OVR_System.obj
         ../../../Obj/Win32/VS2013/Debug/OVR_ThreadCommandQueue.obj
         ../../../Obj/Win32/VS2013/Debug/OVR_ThreadsWinAPI.obj
         ../../../Obj/Win32/VS2013/Debug/OVR_Timer.obj
         ../../../Obj/Win32/VS2013/Debug/OVR_UTF8Util.obj
         ../../../Obj/Win32/VS2013/Debug/OVR_BitStream.obj
         ../../../Obj/Win32/VS2013/Debug/OVR_NetworkPlugin.obj
         ../../../Obj/Win32/VS2013/Debug/OVR_PacketizedTCPSocket.obj
         ../../../Obj/Win32/VS2013/Debug/OVR_RPC1.obj
         ../../../Obj/Win32/VS2013/Debug/OVR_Session.obj
         ../../../Obj/Win32/VS2013/Debug/OVR_Socket.obj
         ../../../Obj/Win32/VS2013/Debug/OVR_Win32_Socket.obj
         ../../../Obj/Win32/VS2013/Debug/OVR_CAPI.obj
         ../../../Obj/Win32/VS2013/Debug/OVR_JSON.obj
         ../../../Obj/Win32/VS2013/Debug/OVR_Profile.obj
         ../../../Obj/Win32/VS2013/Debug/OVR_SerialFormat.obj
         ../../../Obj/Win32/VS2013/Debug/OVR_Stereo.obj
         ../../../Obj/Win32/VS2013/Debug/Service_NetClient.obj
         ../../../Obj/Win32/VS2013/Debug/Service_NetSessionCommon.obj
         ../../../Obj/Win32/VS2013/Debug/Tracking_SensorStateReader.obj
         ../../../Obj/Win32/VS2013/Debug/Util_ImageWindow.obj
         ../../../Obj/Win32/VS2013/Debug/Util_Interface.obj
         ../../../Obj/Win32/VS2013/Debug/Util_LatencyTest2Reader.obj
         ../../../Obj/Win32/VS2013/Debug/Util_Render_Stereo.obj
         ../../../Obj/Win32/VS2013/Debug/Util_SystemGUI.obj
         ../../../Obj/Win32/VS2013/Debug/Util_SystemInfo.obj
         LibOVR.vcxproj -> C:\OculusSDK\ovr_sdk_win_0.4.4\OculusSDK\LibOVR\Projects\Win32\VS2013\../../../Lib/Win32/VS2013/libovrd.lib
     1>Done Building Project "C:\OculusSDK\ovr_sdk_win_0.4.4\OculusSDK\LibOVR\Projects\Win32\VS2013\LibOVR.vcxproj" (Build target(s)).

Build succeeded.

Time Elapsed 00:00:01.43
